Case #1: 
10000000000000000000000000000011 83 7 3 23 7 3 3 3 3
10000000000000000000000000001001 11 5 3 17 7 3 3 3 3
10000000000000000000000000110111 3 2 3 2 37 2 43 2 3
10000000000000000000000001011011 3 2 3 2 43 2 11 2 3
10000000000000000000000001100111 3 2 3 2 13 2 5 2 3
10000000000000000000000010000011 7 2 13 2 67 2 11 2 47
10000000000000000000000010010111 3 2 3 2 11 2 67 2 3
10000000000000000000000010011001 31 11 7 47 7 5 3 3 11
10000000000000000000000010011011 23 2 3 2 13 2 31 2 3
10000000000000000000000010101011 13 2 3 2 29 2 3 2 3
10000000000000000000000010110101 3 2 3 2 17 2 29 2 3
10000000000000000000000011001011 73 2 3 2 11 2 29 2 3
10000000000000000000000011011001 3 2 3 2 43 2 5 2 3
10000000000000000000000011110111 3 2 5 2 83 2 7 2 73
10000000000000000000000100000001 5 13 3 41 11 3 97 3 3
10000000000000000000000100011011 3 2 3 2 11 2 41 2 3
10000000000000000000000100011101 7 2 3 2 13 2 3 2 3
10000000000000000000000100100111 3 2 3 2 37 2 11 2 3
10000000000000000000000101010011 11 2 3 2 13 2 3 2 3
10000000000000000000000101010101 7 2 3 2 53 2 11 2 3
10000000000000000000000101100011 3 2 3 2 37 2 79 2 3
10000000000000000000000101100101 5 2 3 2 19 2 3 2 3
10000000000000000000000101101001 3 2 3 2 11 2 17 2 3
10000000000000000000000101101111 3 2 5 2 23 2 7 2 79
10000000000000000000000110001101 3 2 3 2 17 2 5 2 3
10000000000000000000000110100001 5 7 19 17 7 13 3 3 11
10000000000000000000000110101101 61 5 37 7 5 29 3 3 11
10000000000000000000000110110001 3 2 3 2 79 2 11 2 3
10000000000000000000000111001001 3 2 3 2 13 2 5 2 3
10000000000000000000000111010001 43 2 3 2 11 2 3 2 3
10000000000000000000000111100101 29 53 13 29 5 11 5 3 17
10000000000000000000000111101111 7 13 3 43 7 3 3 3 3
10000000000000000000001000100111 7 2 3 2 23 2 61 2 3
10000000000000000000001000101101 5 2 3 2 19 2 11 2 3
10000000000000000000001000110101 3 2 3 2 37 2 23 2 3
10000000000000000000001001000111 3 2 3 2 17 2 5 2 3
10000000000000000000001001010011 3 2 3 2 37 2 41 2 3
10000000000000000000001001101001 5 2 3 2 53 2 67 2 3
10000000000000000000001001111101 3 2 5 2 17 2 7 2 47
10000000000000000000001010001101 59 2 3 2 13 2 23 2 3
10000000000000000000001010010001 5 89 7 53 7 17 3 3 11
10000000000000000000001010010011 29 2 3 2 41 2 5 2 3
10000000000000000000001010101001 19 2 3 2 17 2 3 2 3
10000000000000000000001010101111 5 2 17 2 29 2 3 2 71
10000000000000000000001011011011 47 2 11 2 11 2 7 2 7
10000000000000000000001011011101 3 2 5 2 19 2 7 2 13
10000000000000000000001011011111 11 31 3 7 7 3 3 3 3
10000000000000000000001011110011 37 2 7 2 37 2 7 2 79
10000000000000000000001011110101 3 2 5 2 11 2 7 2 73
10000000000000000000001100000001 3 2 5 2 17 2 5 2 13
10000000000000000000001100000111 3 2 3 2 11 2 31 2 3
10000000000000000000001100001011 11 2 3 2 19 2 5 2 3
10000000000000000000001100101001 43 2 3 2 83 2 5 2 3
10000000000000000000001100110111 3 2 5 2 19 2 7 2 13
10000000000000000000001100111111 7 5 3 17 7 3 3 3 3
10000000000000000000001101000101 5 2 3 2 13 2 3 2 3
10000000000000000000001101001001 3 2 3 2 41 2 11 2 3
10000000000000000000001101011011 3 2 5 2 13 2 5 2 13
10000000000000000000001101111001 3 2 5 2 11 2 5 2 29
10000000000000000000001101111011 23 5 3 23 7 3 3 3 3
10000000000000000000001101111111 3 2 5 2 37 2 29 2 13
10000000000000000000001110000001 5 11 11 7 7 11 3 3 11
10000000000000000000001110100001 7 2 3 2 13 2 5 2 3
10000000000000000000001110110101 3 2 5 2 23 2 5 2 13
10000000000000000000001110110111 13 5 3 7 7 3 3 3 3
10000000000000000000001110111101 5 13 3 11 7 3 3 3 3
10000000000000000000001111010011 3 2 5 2 79 2 5 2 17
10000000000000000000001111011001 3 2 5 2 97 2 7 2 13
10000000000000000000001111100111 7 13 3 19 7 3 3 3 3
10000000000000000000001111101001 89 2 19 2 19 2 7 2 7
10000000000000000000001111110011 17 5 3 29 7 3 3 3 3
10000000000000000000001111111101 3 2 5 2 11 2 59 2 13
10000000000000000000010000000101 13 2 11 2 11 2 3 2 17
10000000000000000000010000010111 5 2 3 2 17 2 3 2 3
10000000000000000000010000100001 3 2 5 2 19 2 73 2 7
10000000000000000000010000110101 5 2 3 2 41 2 3 2 3
10000000000000000000010001011001 17 2 3 2 43 2 3 2 3
10000000000000000000010001100101 7 2 3 2 29 2 3 2 3
10000000000000000000010001111011 3 2 5 2 89 2 7 2 7
10000000000000000000010010011111 3 2 5 2 19 2 7 2 13
10000000000000000000010010110111 3 2 5 2 11 2 7 2 47
10000000000000000000010011100001 3 2 3 2 17 2 53 2 3
10000000000000000000010011100111 3 2 5 2 59 2 7 2 23
10000000000000000000010011101001 5 29 71 13 5 11 3 3 11
10000000000000000000010011101011 23 2 7 2 11 2 7 2 19
10000000000000000000010011101101 3 2 5 2 13 2 5 2 17
10000000000000000000010011101111 11 5 3 11 7 3 3 3 3
10000000000000000000010011110011 3 2 5 2 67 2 7 2 73
10000000000000000000010100001101 7 2 3 2 11 2 3 2 3
10000000000000000000010100100101 5 2 3 2 23 2 3 2 3
10000000000000000000010100101111 3 2 5 2 79 2 7 2 13
10000000000000000000010101110101 5 2 17 2 89 2 7 2 31
10000000000000000000010110001001 3 2 3 2 29 2 5 2 3
10000000000000000000010110101011 71 2 31 2 13 2 7 2 7
10000000000000000000010110101101 3 2 5 2 71 2 7 2 13
10000000000000000000010110111011 5 29 3 19 7 3 3 3 3
10000000000000000000010111011001 5 2 7 2 13 2 3 2 67
10000000000000000000010111110101 3 83 3 3 19 3 5 3 3
10000000000000000000011000000111 3 2 3 2 19 2 5 2 3
10000000000000000000011000010011 3 2 3 2 37 2 23 2 3
10000000000000000000011000010101 5 2 3 2 11 2 3 2 3
10000000000000000000011000011111 3 2 5 2 73 2 7 2 19
10000000000000000000011000100101 3 2 3 2 79 2 5 2 3
10000000000000000000011001000011 3 2 3 2 43 2 5 2 3
10000000000000000000011001001111 3 2 5 2 23 2 7 2 13
10000000000000000000011001010001 5 2 3 2 13 2 3 2 3
10000000000000000000011001111111 3 2 5 2 13 2 5 2 61
10000000000000000000011010100011 3 11 59 3 5 29 53 3 41
10000000000000000000011010100111 11 2 37 2 47 2 5 2 7
10000000000000000000011010101001 3 7 13 3 5 31 5 3 17
10000000000000000000011010101111 3 29 3 3 11 3 11 3 3
10000000000000000000011010110011 59 2 11 2 37 2 7 2 17
10000000000000000000011010111011 3 7 3 3 29 3 43 3 3
10000000000000000000011011001101 3 2 5 2 11 2 5 2 13
10000000000000000000011011010011 3 2 5 2 13 2 7 2 31
10000000000000000000011011011011 7 11 3 17 7 3 3 3 3
10000000000000000000011100000011 3 2 3 2 37 2 11 2 3
10000000000000000000011100000101 5 2 3 2 17 2 3 2 3
10000000000000000000011100001001 3 2 3 2 19 2 23 2 3
10000000000000000000011100100111 3 2 5 2 11 2 7 2 13
10000000000000000000011100101111 7 13 3 37 7 3 3 3 3
10000000000000000000011101111101 5 2 17 2 71 2 3 2 7
10000000000000000000011110000001 3 2 3 2 11 2 71 2 3
10000000000000000000011110001101 3 2 5 2 29 2 7 2 7
10000000000000000000011110001111 19 23 3 19 7 3 3 3 3
10000000000000000000011110101101 7 13 3 47 7 3 3 3 3
10000000000000000000011110110111 3 2 5 2 37 2 61 2 13
10000000000000000000011111001001 3 2 5 2 67 2 7 2 13
10000000000000000000011111010111 5 2 17 2 13 2 3 2 17
10000000000000000000011111111011 13 17 7 29 7 5 3 3 11
10000000000000000000011111111111 3 2 3 2 5 2 23 2 3
10000000000000000000100000000001 7 5 3 37 7 3 3 3 3
10000000000000000000100000010001 3 2 5 2 11 2 73 2 7
10000000000000000000100001001001 11 73 11 31 7 17 3 3 11
10000000000000000000100001010101 7 2 3 2 19 2 3 2 3
10000000000000000000100001011001 3 2 3 2 53 2 5 2 3
10000000000000000000100010010101 3 2 3 2 11 2 5 2 3
10000000000000000000100010110001 13 2 3 2 23 2 41 2 3
10000000000000000000100010111011 17 2 71 2 13 2 3 2 19
10000000000000000000100011010001 3 2 3 2 61 2 5 2 3
10000000000000000000100011010111 3 2 5 2 11 2 7 2 59
10000000000000000000100100000001 3 2 5 2 41 2 83 2 41
10000000000000000000100100000011 5 7 11 41 7 11 3 3 11
10000000000000000000100100011001 3 2 3 2 11 2 13 2 3
10000000000000000000100100011111 3 2 5 2 47 2 7 2 13
10000000000000000000100100100011 41 2 3 2 11 2 5 2 3
10000000000000000000100100110111 3 2 5 2 53 2 5 2 29
10000000000000000000100101011011 3 2 5 2 11 2 7 2 31
10000000000000000000100101100001 3 2 3 2 19 2 17 2 3
10000000000000000000100101100111 3 2 5 2 17 2 7 2 19
10000000000000000000100101111011 5 13 3 11 7 3 3 3 3
10000000000000000000100110001001 7 2 3 2 19 2 11 2 3
10000000000000000000100110001101 71 37 29 7 5 17 3 3 11
10000000000000000000100110010001 3 2 3 2 13 2 13 2 3
10000000000000000000100110010011 11 7 7 19 5 67 3 3 11
10000000000000000000100110011101 3 2 5 2 11 2 7 2 13
10000000000000000000100110110101 3 2 5 2 19 2 7 2 19
10000000000000000000100111001011 5 2 13 2 17 2 5 2 19
10000000000000000000100111011001 3 2 5 2 73 2 7 2 17
10000000000000000000100111011011 53 7 3 47 7 3 3 3 3
10000000000000000000100111111001 7 13 3 23 7 3 3 3 3
10000000000000000000101000001011 31 2 3 2 13 2 3 2 3
10000000000000000000101000001101 29 2 3 2 29 2 31 2 3
10000000000000000000101000100011 7 2 3 2 37 2 3 2 3
10000000000000000000101000110001 7 2 3 2 17 2 5 2 3
10000000000000000000101000110011 3 5 19 3 5 67 67 3 7
10000000000000000000101001000001 61 31 19 31 7 29 3 3 11
10000000000000000000101001001011 3 11 7 3 5 17 5 3 53
10000000000000000000101001001111 23 2 29 2 17 2 7 2 7
10000000000000000000101001100001 5 2 3 2 13 2 59 2 3
10000000000000000000101010000111 3 17 37 3 5 13 5 3 67
10000000000000000000101010100001 7 2 3 2 11 2 3 2 3
10000000000000000000101010101011 3 2 53 2 23 2 7 2 23
10000000000000000000101011010101 3 2 5 2 17 2 7 2 43
10000000000000000000101011100011 5 2 17 2 11 2 3 2 7
10000000000000000000101100000101 3 2 3 2 11 2 31 2 3
10000000000000000000101100001001 11 2 3 2 17 2 29 2 3
10000000000000000000101100010111 3 2 5 2 17 2 5 2 13
10000000000000000000101100100001 13 2 3 2 23 2 5 2 3
10000000000000000000101100110011 5 2 29 2 11 2 7 2 31
10000000000000000000101100110111 71 5 3 19 7 3 3 3 3
10000000000000000000101101001111 59 19 3 7 7 3 3 3 3
10000000000000000000101101011011 5 17 3 67 7 3 3 3 3
10000000000000000000101101011111 3 2 5 2 23 2 61 2 13
10000000000000000000101101100101 3 2 5 2 13 2 7 2 47
10000000000000000000101101110001 3 2 5 2 83 2 5 2 7
10000000000000000000101101110011 7 5 3 83 7 3 3 3 3
10000000000000000000101101111001 5 79 3 17 7 3 3 3 3
10000000000000000000101110010101 3 2 5 2 29 2 7 2 13
10000000000000000000101111000111 7 13 3 29 7 3 3 3 3
10000000000000000000110000001111 5 29 19 13 5 59 3 3 11
10000000000000000000110000010011 3 2 3 2 13 2 11 2 3
10000000000000000000110000011001 3 2 3 2 67 2 5 2 3
10000000000000000000110000110001 3 2 3 2 11 2 23 2 3
10000000000000000000110000111101 3 2 5 2 23 2 7 2 53
10000000000000000000110001000101 7 2 3 2 11 2 3 2 3
10000000000000000000110001110011 3 2 5 2 11 2 7 2 17
10000000000000000000110001111111 3 2 5 2 47 2 17 2 7
10000000000000000000110010000111 5 7 7 13 5 23 3 3 11
10000000000000000000110010100011 3 23 7 3 5 43 5 3 53
10000000000000000000110010110001 59 5 7 7 5 17 3 3 11
10000000000000000000110010110101 3 2 5 2 11 2 7 2 7
10000000000000000000110011011001 3 2 5 2 23 2 7 2 7
10000000000000000000110011011011 13 31 3 19 7 3 3 3 3
10000000000000000000110011101101 7 13 3 11 7 3 3 3 3
10000000000000000000110100101011 53 2 11 2 17 2 7 2 17
10000000000000000000110100101101 3 2 5 2 19 2 7 2 19
10000000000000000000110100111001 3 2 5 2 11 2 7 2 59
10000000000000000000110100111101 43 5 3 83 17 3 11 3 3
10000000000000000000110101000001 7 2 3 2 13 2 3 2 3
10000000000000000000110101011011 11 5 3 11 61 3 31 3 3
10000000000000000000110101101011 7 13 3 89 7 3 3 3 3
10000000000000000000110101111011 3 2 5 2 11 2 73 2 7
10000000000000000000110110001101 3 2 5 2 13 2 7 2 13
10000000000000000000110110101011 3 5 3 3 53 3 17 3 3
10000000000000000000110110110001 3 2 5 2 17 2 7 2 7
10000000000000000000110110111101 3 2 5 2 11 2 5 2 43
10000000000000000000110111000011 3 2 5 2 13 2 7 2 29
10000000000000000000110111001011 19 7 3 29 7 3 3 3 3
10000000000000000000110111111001 3 2 5 2 13 2 5 2 7
10000000000000000000111000000101 3 2 3 2 13 2 29 2 3
10000000000000000000111000110011 67 2 31 2 23 2 7 2 19
10000000000000000000111000110111 11 47 3 11 7 3 3 3 3
10000000000000000000111001100011 11 2 11 2 79 2 5 2 13
10000000000000000000111001111001 11 7 3 37 7 3 3 3 3
10000000000000000000111010101101 3 7 3 3 11 3 11 3 3
10000000000000000000111011011111 5 23 7 11 7 37 3 3 11
10000000000000000000111011110011 5 2 17 2 13 2 11 2 13
10000000000000000000111100001101 3 2 5 2 17 2 7 2 73
10000000000000000000111100100101 3 2 5 2 11 2 7 2 43
10000000000000000000111100111001 5 13 3 11 7 3 3 3 3
10000000000000000000111101000011 3 2 5 2 17 2 7 2 19
10000000000000000000111101001001 3 2 5 2 13 2 7 2 17
10000000000000000000111101010101 3 7 3 3 17 3 5 3 3
10000000000000000000111101100111 3 2 5 2 11 2 5 2 17
10000000000000000000111101110011 3 2 5 2 37 2 73 2 7
10000000000000000000111101110101 5 2 17 2 13 2 3 2 61
10000000000000000000111110010011 5 11 3 47 7 3 3 3 3
10000000000000000000111111011011 31 5 7 53 7 17 3 3 11
10000000000000000000111111100001 7 13 3 17 7 3 3 3 3
10000000000000000000111111100101 3 2 5 2 17 2 53 2 29
10000000000000000000111111110111 3 2 3 2 5 2 41 2 3
10000000000000000001000000001111 3 2 3 2 29 2 11 2 3
10000000000000000001000000011011 3 2 3 2 43 2 31 2 3
10000000000000000001000000101011 17 2 3 2 11 2 5 2 3
10000000000000000001000000101101 3 2 3 2 53 2 59 2 3
10000000000000000001000001000111 5 2 3 2 23 2 3 2 3
10000000000000000001000001001011 3 2 3 2 59 2 79 2 3
10000000000000000001000001100011 3 2 3 2 37 2 23 2 3
10000000000000000001000001100101 5 2 3 2 31 2 3 2 3
10000000000000000001000001110001 47 2 3 2 53 2 3 2 3
10000000000000000001000001110111 19 2 29 2 31 2 3 2 7
10000000000000000001000010010101 31 2 3 2 29 2 3 2 3
10000000000000000001000010011001 3 2 3 2 43 2 11 2 3
10000000000000000001000010110001 3 2 3 2 71 2 79 2 3
10000000000000000001000010110101 5 19 31 7 5 23 73 3 29
10000000000000000001000010111101 3 2 5 2 19 2 7 2 41
10000000000000000001000011000011 3 2 3 2 43 2 19 2 3
10000000000000000001000011001001 3 2 3 2 83 2 5 2 3
10000000000000000001000011010001 13 2 3 2 31 2 3 2 3
10000000000000000001000011101011 7 2 11 2 71 2 7 2 23
10000000000000000001000011110101 23 2 19 2 31 2 3 2 7
10000000000000000001000100100011 3 2 3 2 47 2 11 2 3
10000000000000000001000100110001 7 2 3 2 11 2 3 2 3
10000000000000000001000101100111 37 2 11 2 37 2 3 2 13
10000000000000000001000101110011 5 2 97 2 11 2 3 2 7
10000000000000000001000101110111 3 5 3 3 13 3 17 3 3
10000000000000000001000110000001 19 47 13 23 11 47 5 3 17
10000000000000000001000110000011 3 2 3 2 13 2 53 2 3
10000000000000000001000110000101 7 2 3 2 19 2 3 2 3
10000000000000000001000110001111 3 2 5 2 47 2 7 2 67
10000000000000000001000110111001 3 2 5 2 13 2 7 2 19
10000000000000000001000110111011 13 7 3 37 7 3 3 3 3
10000000000000000001000111010011 11 2 7 2 17 2 3 2 13
10000000000000000001000111010101 13 2 13 2 23 2 7 2 73
10000000000000000001000111011011 23 19 3 11 43 3 5 3 3
10000000000000000001000111100111 7 7 3 59 23 3 29 3 3
10000000000000000001001000011111 3 2 5 2 61 2 5 2 13
10000000000000000001001000100101 3 2 3 2 19 2 71 2 3
10000000000000000001001000110001 3 2 3 2 13 2 47 2 3
10000000000000000001001001001001 3 2 3 2 17 2 31 2 3
10000000000000000001001001001111 3 2 5 2 11 2 7 2 17
10000000000000000001001001010101 3 11 7 3 5 5 11 3 43
10000000000000000001001001010111 7 2 47 2 13 2 3 2 71
10000000000000000001001001101011 79 2 19 2 37 2 7 2 47
10000000000000000001001001101111 29 7 3 23 7 3 3 3 3
10000000000000000001001010000011 11 2 3 2 17 2 5 2 3
10000000000000000001001010011101 3 2 5 2 47 2 7 2 13
10000000000000000001001010100101 13 7 19 37 5 5 3 3 11
10000000000000000001001010111111 13 2 23 2 11 2 5 2 7
10000000000000000001001011000001 3 2 3 2 23 2 11 2 3
10000000000000000001001011110001 3 2 5 2 11 2 5 2 19
10000000000000000001001011111111 7 7 11 17 7 5 3 3 11
10000000000000000001001100000011 3 2 3 2 11 2 17 2 3
10000000000000000001001100010001 41 2 3 2 17 2 3 2 3
10000000000000000001001100011011 3 2 5 2 29 2 7 2 13
10000000000000000001001100100001 3 2 3 2 73 2 29 2 3
10000000000000000001001100101101 3 2 5 2 17 2 5 2 13
10000000000000000001001100110101 5 2 79 2 13 2 3 2 59
10000000000000000001001101100011 3 2 5 2 17 2 7 2 31
10000000000000000001001101110101 3 5 3 3 17 3 17 3 3
10000000000000000001001101111101 7 2 11 2 19 2 3 2 19
10000000000000000001001110000111 3 2 5 2 11 2 5 2 31
10000000000000000001001110011001 3 2 5 2 23 2 7 2 13
10000000000000000001001110011011 59 71 3 7 7 3 3 3 3
10000000000000000001001110011101 73 7 3 53 13 3 5 3 3
10000000000000000001001110100101 3 2 5 2 29 2 5 2 41
10000000000000000001001110110111 3 2 5 2 13 2 11 2 67
10000000000000000001001111001011 5 31 3 11 7 3 3 3 3
10000000000000000001001111001111 3 2 5 2 23 2 17 2 47
10000000000000000001001111111111 3 2 3 2 5 2 5 2 3
10000000000000000001010000000001 37 2 11 2 11 2 3 2 31
10000000000000000001010000100101 5 2 3 2 13 2 3 2 3
10000000000000000001010000110001 23 2 3 2 67 2 3 2 3
10000000000000000001010000111011 3 2 5 2 13 2 5 2 7
10000000000000000001010001000011 5 2 3 2 11 2 3 2 3
10000000000000000001010001010001 11 2 3 2 43 2 67 2 3
10000000000000000001010001100111 11 2 89 2 31 2 3 2 7
10000000000000000001010001110101 5 2 17 2 79 2 7 2 13
10000000000000000001010001111011 47 7 3 23 43 3 41 3 3
10000000000000000001010010000111 7 73 13 23 5 29 5 3 89
10000000000000000001010010001001 3 2 3 2 43 2 5 2 3
10000000000000000001010010011101 5 2 7 2 29 2 3 2 41
10000000000000000001010010100111 3 2 5 2 13 2 7 2 17
10000000000000000001010010111001 3 2 5 2 47 2 7 2 7
10000000000000000001010011000001 73 2 3 2 31 2 3 2 3
10000000000000000001010011000111 13 2 7 2 11 2 3 2 13
10000000000000000001010011110111 5 2 11 2 31 2 3 2 7
10000000000000000001010100001001 53 2 3 2 11 2 3 2 3
10000000000000000001010100011001 3 7 13 3 5 41 5 3 61
10000000000000000001010100111101 3 7 3 3 11 3 41 3 3
10000000000000000001010101100011 13 2 37 2 31 2 3 2 7
10000000000000000001010101100101 5 2 17 2 11 2 7 2 43
10000000000000000001010110000101 3 5 53 3 5 29 23 3 17
10000000000000000001010111000111 3 41 3 3 13 3 5 3 3
10000000000000000001010111010101 29 5 3 23 59 3 3 3 3
10000000000000000001010111011101 5 2 43 2 71 2 5 2 7
10000000000000000001010111100001 17 2 43 2 31 2 3 2 7
10000000000000000001010111100101 3 13 3 3 83 3 5 3 3
10000000000000000001010111100111 5 2 17 2 61 2 3 2 13
10000000000000000001010111111011 5 11 7 7 17 17 17 3 47
10000000000000000001010111111111 13 2 3 2 5 2 3 2 3
10000000000000000001011000011111 11 17 3 17 13 3 37 3 3
10000000000000000001011000101101 3 2 5 2 11 2 7 2 43
10000000000000000001011000110111 5 29 3 71 67 3 5 3 3
10000000000000000001011000111111 3 2 5 2 37 2 11 2 79
10000000000000000001011001010101 5 2 17 2 61 2 7 2 83
10000000000000000001011001011101 3 7 3 3 89 3 5 3 3
10000000000000000001011001101111 3 2 5 2 11 2 5 2 29
10000000000000000001011001110011 5 7 3 11 43 3 5 3 3
10000000000000000001011010000011 29 7 41 17 5 5 3 3 11
10000000000000000001011010000111 3 2 5 2 17 2 7 2 47
10000000000000000001011010011001 3 2 5 2 41 2 7 2 31
10000000000000000001011010011011 5 23 3 23 7 3 3 3 3
10000000000000000001011010100011 11 2 7 2 23 2 7 2 53
10000000000000000001011010101111 5 2 17 2 13 2 17 2 7
10000000000000000001011010110011 19 5 3 71 7 3 3 3 3
10000000000000000001011011000101 7 2 83 2 83 2 3 2 17
10000000000000000001011011010111 5 2 17 2 11 2 3 2 41
10000000000000000001011011110011 3 2 5 2 17 2 29 2 19
10000000000000000001011011111001 3 2 5 2 23 2 79 2 7
10000000000000000001011101001101 3 37 3 3 13 3 5 3 3
10000000000000000001011101010011 3 5 3 3 43 3 67 3 3
10000000000000000001011101111111 11 2 3 2 5 2 3 2 3
10000000000000000001011110000101 13 2 11 2 13 2 3 2 23
10000000000000000001011110001011 5 43 3 7 7 3 3 3 3
10000000000000000001011110111111 3 2 3 2 5 2 5 2 3
10000000000000000001011111000001 7 2 37 2 29 2 3 2 59
10000000000000000001011111000101 3 11 3 3 11 3 5 3 3
10000000000000000001011111010001 3 29 3 3 43 3 43 3 3
10000000000000000001011111011111 17 2 3 2 5 2 3 2 3
10000000000000000001011111110111 23 2 3 2 5 2 3 2 3
10000000000000000001011111111011 3 2 3 2 5 2 5 2 3
10000000000000000001011111111101 43 2 3 2 5 2 3 2 3
10000000000000000001100000001101 3 2 3 2 13 2 5 2 3
10000000000000000001100000100011 7 2 3 2 59 2 5 2 3
10000000000000000001100000100101 3 2 3 2 17 2 79 2 3
10000000000000000001100000110111 3 2 5 2 11 2 5 2 17
10000000000000000001100001000101 11 2 3 2 31 2 3 2 3
10000000000000000001100001111001 3 2 5 2 13 2 7 2 97
10000000000000000001100010010001 3 2 3 2 11 2 13 2 3
10000000000000000001100010101011 17 2 11 2 31 2 3 2 7
10000000000000000001100010101101 5 2 89 2 11 2 5 2 43
10000000000000000001100011010111 13 5 3 11 13 3 11 3 3
10000000000000000001100011100101 3 2 5 2 13 2 7 2 17
10000000000000000001100011100111 7 13 3 7 7 3 3 3 3
10000000000000000001100011101101 19 17 3 23 7 3 3 3 3
10000000000000000001100011110011 5 23 3 41 7 3 3 3 3
10000000000000000001100100011111 7 13 3 11 41 3 5 3 3
10000000000000000001100100100001 3 2 3 2 13 2 11 2 3
10000000000000000001100101000001 47 2 3 2 23 2 3 2 3
10000000000000000001100101100101 7 2 11 2 31 2 3 2 7
10000000000000000001100101100111 23 19 3 19 11 3 23 3 3
10000000000000000001100101101001 3 2 5 2 17 2 7 2 23
10000000000000000001100101101111 3 2 5 2 41 2 31 2 19
10000000000000000001100101110111 17 2 19 2 17 2 3 2 7
10000000000000000001100110000001 3 2 3 2 19 2 13 2 3
10000000000000000001100110100011 71 2 11 2 11 2 7 2 29
10000000000000000001100110111001 7 5 3 13 7 3 3 3 3
10000000000000000001100110111101 3 2 5 2 23 2 13 2 19
10000000000000000001100111001111 3 2 5 2 59 2 5 2 7
10000000000000000001100111010001 11 2 29 2 13 2 3 2 7
10000000000000000001100111011011 3 2 5 2 11 2 13 2 23
10000000000000000001100111100011 5 13 3 7 7 3 3 3 3
10000000000000000001100111110101 13 2 23 2 11 2 3 2 7
10000000000000000001100111111111 3 2 3 2 5 2 29 2 3
10000000000000000001101000010111 3 2 5 2 79 2 5 2 19
10000000000000000001101000100001 17 2 3 2 19 2 5 2 3
10000000000000000001101000110111 7 5 3 59 7 3 3 3 3
10000000000000000001101001000001 3 2 3 2 29 2 71 2 3
10000000000000000001101001001101 3 2 5 2 11 2 7 2 53
10000000000000000001101001111001 5 11 3 7 7 3 3 3 3
10000000000000000001101001111011 23 2 7 2 11 2 5 2 13
10000000000000000001101010010101 3 2 5 2 13 2 7 2 79
10000000000000000001101010011011 3 29 3 3 43 3 5 3 3
10000000000000000001101010100001 3 83 19 3 5 17 17 3 17
10000000000000000001101010110101 5 13 3 11 7 3 3 3 3
10000000000000000001101010111001 3 71 3 3 13 3 5 3 3
10000000000000000001101011000001 31 5 7 47 5 53 3 3 7
10000000000000000001101011001011 3 5 3 3 11 3 11 3 3
10000000000000000001101011010011 5 53 3 17 7 3 3 3 3
10000000000000000001101011010101 53 5 3 7 79 3 31 3 3
10000000000000000001101011101111 3 17 19 3 17 17 5 3 43
10000000000000000001101011111111 31 2 3 2 5 2 47 2 3
10000000000000000001101100000001 3 2 3 2 11 2 23 2 3
10000000000000000001101100000111 3 2 5 2 23 2 5 2 59
10000000000000000001101100111101 3 2 5 2 53 2 17 2 53
10000000000000000001101101000011 3 2 5 2 11 2 5 2 23
10000000000000000001101101001111 3 2 5 2 13 2 43 2 61
10000000000000000001101101010101 3 17 3 3 41 3 41 3 3
10000000000000000001101101111001 3 2 5 2 19 2 37 2 7
10000000000000000001101101111111 3 2 3 2 5 2 5 2 3
10000000000000000001101110010101 7 13 3 17 97 3 5 3 3
10000000000000000001101110011001 19 5 3 13 7 3 3 3 3
10000000000000000001101110110001 7 13 3 89 7 3 3 3 3
10000000000000000001101111000011 5 67 3 23 7 3 3 3 3
10000000000000000001101111000111 3 2 5 2 11 2 17 2 7
10000000000000000001101111001001 13 7 3 11 7 3 3 3 3
10000000000000000001101111110111 3 2 3 2 5 2 5 2 3
10000000000000000001110000000011 3 2 3 2 61 2 43 2 3
10000000000000000001110000000101 7 2 3 2 83 2 3 2 3
10000000000000000001110000100011 11 17 13 23 5 5 3 3 11
10000000000000000001110000101111 7 13 3 11 7 3 3 3 3
10000000000000000001110001000001 17 2 3 2 11 2 3 2 3
10000000000000000001110001001011 3 2 5 2 41 2 7 2 17
10000000000000000001110001010111 3 19 3 3 19 3 5 3 3
10000000000000000001110001110101 3 13 3 3 11 3 5 3 3
10000000000000000001110010000001 3 2 3 2 23 2 5 2 3
10000000000000000001110010100001 29 5 13 73 5 23 3 3 11
10000000000000000001110011000011 3 2 5 2 17 2 7 2 41
10000000000000000001110011001101 13 29 3 7 61 3 5 3 3
10000000000000000001110011010111 7 2 73 2 31 2 3 2 7
10000000000000000001110011111001 3 2 5 2 17 2 5 2 23
10000000000000000001110100000001 7 2 3 2 71 2 3 2 3
10000000000000000001110100100011 3 2 5 2 23 2 5 2 19
10000000000000000001110100110001 83 2 89 2 13 2 3 2 53
10000000000000000001110100111011 3 2 5 2 17 2 17 2 7
10000000000000000001110101000111 3 13 3 3 23 3 5 3 3
10000000000000000001110101100101 3 97 3 3 13 3 5 3 3
10000000000000000001110101100111 5 2 17 2 31 2 3 2 7
10000000000000000001110101111111 7 2 3 2 5 2 3 2 3
10000000000000000001110110001011 37 7 3 23 7 3 3 3 3
10000000000000000001110110001111 3 2 5 2 23 2 5 2 23
10000000000000000001110110101001 7 13 3 41 7 3 3 3 3
10000000000000000001110110101101 3 2 5 2 47 2 5 2 31
10000000000000000001110110111001 3 2 5 2 11 2 13 2 7
10000000000000000001110111000001 5 2 11 2 31 2 3 2 7
10000000000000000001110111011111 5 2 3 2 5 2 3 2 3
10000000000000000001110111111101 5 2 3 2 5 2 3 2 3
10000000000000000001111000001001 43 5 7 11 5 11 3 3 11
10000000000000000001111000011111 3 2 5 2 11 2 29 2 17
10000000000000000001111000100101 3 2 5 2 67 2 7 2 7
10000000000000000001111000110011 11 5 3 7 7 3 3 3 3
10000000000000000001111000110111 3 2 5 2 29 2 31 2 7
10000000000000000001111001001001 3 2 5 2 19 2 7 2 7
10000000000000000001111001100011 31 19 3 17 7 3 3 3 3
10000000000000000001111001101001 37 71 3 7 7 3 3 3 3
10000000000000000001111001101101 3 2 5 2 11 2 17 2 7
10000000000000000001111001111111 3 2 3 2 5 2 11 2 3
10000000000000000001111010000011 17 2 7 2 11 2 7 2 59
10000000000000000001111010010001 3 2 5 2 73 2 7 2 7
10000000000000000001111010100001 11 2 47 2 13 2 7 2 13
10000000000000000001111010101001 3 5 3 3 11 3 11 3 3
10000000000000000001111010110101 3 2 5 2 59 2 73 2 7
10000000000000000001111011001111 5 7 67 13 7 11 3 3 11
10000000000000000001111011011001 3 2 5 2 71 2 5 2 7
10000000000000000001111100000011 3 2 5 2 13 2 5 2 17
10000000000000000001111100010101 3 7 3 3 13 3 11 3 3
10000000000000000001111100011101 31 2 11 2 17 2 3 2 7
10000000000000000001111100100001 3 2 5 2 11 2 5 2 7
10000000000000000001111100100011 7 5 3 79 7 3 3 3 3
10000000000000000001111100100101 11 43 3 17 23 3 61 3 3
10000000000000000001111100101111 71 11 37 67 7 5 3 3 11
10000000000000000001111100111111 3 2 3 2 5 2 5 2 3
10000000000000000001111101010001 3 11 3 3 67 3 29 3 3
10000000000000000001111101011001 29 2 7 2 11 2 3 2 17
10000000000000000001111101110111 7 2 3 2 5 2 3 2 3
10000000000000000001111101111011 3 2 3 2 5 2 5 2 3
10000000000000000001111101111101 11 2 3 2 5 2 3 2 3
10000000000000000001111110000011 5 7 3 19 7 3 3 3 3
