Case #1: 2 
Case #2: 1
Case #3: IMPOSSIBLE
Case #4: 1 2 
Case #5: 2 3 
Case #6: 1 2 3 4 
Case #7: IMPOSSIBLE
Case #8: IMPOSSIBLE
Case #9: 1
Case #10: 2 3 4 5 6 7 8 9 10 11 12 
Case #11: IMPOSSIBLE
Case #12: IMPOSSIBLE
Case #13: IMPOSSIBLE
Case #14: IMPOSSIBLE
Case #15: 2 3 4 5 
Case #16: IMPOSSIBLE
Case #17: 2 
Case #18: IMPOSSIBLE
Case #19: 2 
Case #20: 1
Case #21: IMPOSSIBLE
Case #22: IMPOSSIBLE
Case #23: 1 2 3 
Case #24: IMPOSSIBLE
Case #25: IMPOSSIBLE
Case #26: IMPOSSIBLE
Case #27: IMPOSSIBLE
Case #28: 1 2 3 4 5 6 7 8 9 10 11 12 13 14 15 16 17 18 19 20 21 22 23 24 25 26 27 28 29 30 31 32 33 34 35 36 37 38 39 40 41 42 43 44 45 46 47 48 49 50 51 52 53 54 55 56 57 58 59 60 61 62 63 64 65 66 67 68 69 70 71 72 73 74 75 76 77 78 79 80 81 82 83 84 85 86 87 88 89 90 91 92 93 94 95 96 97 98 99 100 
Case #29: IMPOSSIBLE
Case #30: IMPOSSIBLE
Case #31: IMPOSSIBLE
Case #32: IMPOSSIBLE
Case #33: 2 3 4 5 
Case #34: IMPOSSIBLE
Case #35: IMPOSSIBLE
Case #36: IMPOSSIBLE
Case #37: IMPOSSIBLE
Case #38: IMPOSSIBLE
Case #39: 2 
Case #40: IMPOSSIBLE
Case #41: IMPOSSIBLE
Case #42: IMPOSSIBLE
Case #43: IMPOSSIBLE
Case #44: IMPOSSIBLE
Case #45: 2 
Case #46: IMPOSSIBLE
Case #47: IMPOSSIBLE
Case #48: IMPOSSIBLE
Case #49: IMPOSSIBLE
Case #50: IMPOSSIBLE
Case #51: IMPOSSIBLE
Case #52: 2 3 
Case #53: IMPOSSIBLE
Case #54: IMPOSSIBLE
Case #55: IMPOSSIBLE
Case #56: IMPOSSIBLE
Case #57: IMPOSSIBLE
Case #58: IMPOSSIBLE
Case #59: 1 2 3 4 5 6 7 8 9 10 11 12 13 14 15 16 17 18 19 20 21 22 
Case #60: 2 3 4 5 6 7 8 9 10 
Case #61: IMPOSSIBLE
Case #62: IMPOSSIBLE
Case #63: IMPOSSIBLE
Case #64: IMPOSSIBLE
Case #65: 2 3 4 5 6 7 8 9 10 11 12 13 14 15 16 17 18 19 20 21 22 23 24 25 26 27 28 29 30 31 32 33 34 35 36 37 38 39 40 41 42 43 44 45 46 47 48 49 50 51 52 53 54 55 56 57 
Case #66: 2 
Case #67: IMPOSSIBLE
Case #68: IMPOSSIBLE
Case #69: IMPOSSIBLE
Case #70: IMPOSSIBLE
Case #71: 1
Case #72: IMPOSSIBLE
Case #73: IMPOSSIBLE
Case #74: IMPOSSIBLE
Case #75: 2 3 4 5 
Case #76: IMPOSSIBLE
Case #77: IMPOSSIBLE
Case #78: 2 3 4 5 6 7 8 9 10 11 12 13 14 15 16 17 18 19 
Case #79: IMPOSSIBLE
Case #80: IMPOSSIBLE
Case #81: 2 3 4 5 6 7 8 9 10 11 12 13 14 15 16 17 
Case #82: 1
Case #83: IMPOSSIBLE
Case #84: IMPOSSIBLE
Case #85: IMPOSSIBLE
Case #86: IMPOSSIBLE
Case #87: IMPOSSIBLE
Case #88: 1
Case #89: IMPOSSIBLE
Case #90: IMPOSSIBLE
Case #91: IMPOSSIBLE
Case #92: IMPOSSIBLE
Case #93: IMPOSSIBLE
Case #94: IMPOSSIBLE
Case #95: 1
Case #96: IMPOSSIBLE
Case #97: 1
Case #98: 1 2 3 4 5 6 7 8 9 10 11 12 13 14 15 16 17 18 19 20 21 22 23 24 25 26 27 28 29 30 31 32 33 34 35 36 37 38 39 40 41 42 43 44 45 46 47 48 49 50 51 52 53 54 55 56 57 58 59 
Case #99: 1
Case #100: IMPOSSIBLE
